<?xml version="1.0"?><coverage lines-covered="2" lines-valid="2" line-rate="1" branches-covered="0" branches-valid="0" branch-rate="0" complexity="0" version="1.9" timestamp="1736811008"><sources><source>/home/runner/work/rusted_library/rusted_library</source></sources><packages><package name="src" line-rate="1" branch-rate="0" complexity="0"><classes><class name="lib" filename="src/lib.rs" line-rate="1" branch-rate="0" complexity="0"><methods/><lines><line number="1" hits="1"/><line number="2" hits="1"/></lines></class></classes></package></packages></coverage>